{"/mnt/c/Users/Jose Rivera/Desktop/Code/semester-project-team-3/backend/src/domain/declarations.ts": {"path":"/mnt/c/Users/Jose Rivera/Desktop/Code/semester-project-team-3/backend/src/domain/declarations.ts","statementMap":{"0":{"start":{"line":80,"column":0},"end":{"line":80,"column":null}},"1":{"start":{"line":81,"column":4},"end":{"line":81,"column":null}},"2":{"start":{"line":82,"column":4},"end":{"line":82,"column":null}},"3":{"start":{"line":83,"column":4},"end":{"line":83,"column":null}},"4":{"start":{"line":86,"column":0},"end":{"line":86,"column":null}},"5":{"start":{"line":87,"column":4},"end":{"line":87,"column":null}},"6":{"start":{"line":88,"column":4},"end":{"line":88,"column":null}},"7":{"start":{"line":89,"column":4},"end":{"line":89,"column":null}},"8":{"start":{"line":92,"column":0},"end":{"line":92,"column":null}},"9":{"start":{"line":93,"column":4},"end":{"line":93,"column":null}},"10":{"start":{"line":94,"column":4},"end":{"line":94,"column":null}},"11":{"start":{"line":95,"column":4},"end":{"line":95,"column":null}},"12":{"start":{"line":96,"column":4},"end":{"line":96,"column":null}},"13":{"start":{"line":97,"column":4},"end":{"line":97,"column":null}},"14":{"start":{"line":98,"column":4},"end":{"line":98,"column":null}},"15":{"start":{"line":101,"column":0},"end":{"line":101,"column":null}},"16":{"start":{"line":102,"column":4},"end":{"line":102,"column":null}},"17":{"start":{"line":103,"column":4},"end":{"line":103,"column":null}},"18":{"start":{"line":104,"column":4},"end":{"line":104,"column":null}},"19":{"start":{"line":107,"column":0},"end":{"line":107,"column":null}},"20":{"start":{"line":108,"column":4},"end":{"line":108,"column":null}}},"fnMap":{"0":{"name":"(anonymous_0)","decl":{"start":{"line":80,"column":0},"end":{"line":80,"column":12}},"loc":{"start":{"line":80,"column":24},"end":{"line":84,"column":1}}},"1":{"name":"(anonymous_1)","decl":{"start":{"line":86,"column":0},"end":{"line":86,"column":12}},"loc":{"start":{"line":86,"column":33},"end":{"line":90,"column":1}}},"2":{"name":"(anonymous_2)","decl":{"start":{"line":92,"column":0},"end":{"line":92,"column":12}},"loc":{"start":{"line":92,"column":33},"end":{"line":99,"column":1}}},"3":{"name":"(anonymous_3)","decl":{"start":{"line":101,"column":0},"end":{"line":101,"column":12}},"loc":{"start":{"line":101,"column":38},"end":{"line":105,"column":1}}},"4":{"name":"(anonymous_4)","decl":{"start":{"line":107,"column":0},"end":{"line":107,"column":12}},"loc":{"start":{"line":107,"column":20},"end":{"line":109,"column":1}}}},"branchMap":{"0":{"loc":{"start":{"line":80,"column":12},"end":{"line":80,"column":24}},"type":"binary-expr","locations":[{"start":{"line":80,"column":12},"end":{"line":80,"column":24}},{"start":{"line":80,"column":12},"end":{"line":80,"column":null}}]},"1":{"loc":{"start":{"line":86,"column":12},"end":{"line":86,"column":33}},"type":"binary-expr","locations":[{"start":{"line":86,"column":12},"end":{"line":86,"column":33}},{"start":{"line":86,"column":12},"end":{"line":86,"column":null}}]},"2":{"loc":{"start":{"line":92,"column":12},"end":{"line":92,"column":33}},"type":"binary-expr","locations":[{"start":{"line":92,"column":12},"end":{"line":92,"column":33}},{"start":{"line":92,"column":12},"end":{"line":92,"column":null}}]},"3":{"loc":{"start":{"line":101,"column":12},"end":{"line":101,"column":38}},"type":"binary-expr","locations":[{"start":{"line":101,"column":12},"end":{"line":101,"column":38}},{"start":{"line":101,"column":12},"end":{"line":101,"column":null}}]},"4":{"loc":{"start":{"line":107,"column":12},"end":{"line":107,"column":20}},"type":"binary-expr","locations":[{"start":{"line":107,"column":12},"end":{"line":107,"column":20}},{"start":{"line":107,"column":12},"end":{"line":107,"column":null}}]}},"s":{"0":8,"1":8,"2":8,"3":8,"4":8,"5":8,"6":8,"7":8,"8":8,"9":8,"10":8,"11":8,"12":8,"13":8,"14":8,"15":8,"16":8,"17":8,"18":8,"19":8,"20":8},"f":{"0":8,"1":8,"2":8,"3":8,"4":8},"b":{"0":[8,8],"1":[8,8],"2":[8,8],"3":[8,8],"4":[8,8]}}
,"/mnt/c/Users/Jose Rivera/Desktop/Code/semester-project-team-3/backend/src/domain/factories.ts": {"path":"/mnt/c/Users/Jose Rivera/Desktop/Code/semester-project-team-3/backend/src/domain/factories.ts","statementMap":{"0":{"start":{"line":2,"column":0},"end":{"line":2,"column":60}},"1":{"start":{"line":3,"column":0},"end":{"line":3,"column":58}},"2":{"start":{"line":4,"column":0},"end":{"line":4,"column":50}},"3":{"start":{"line":5,"column":0},"end":{"line":5,"column":64}},"4":{"start":{"line":6,"column":0},"end":{"line":6,"column":62}},"5":{"start":{"line":7,"column":0},"end":{"line":7,"column":60}},"6":{"start":{"line":10,"column":4},"end":{"line":10,"column":null}},"7":{"start":{"line":9,"column":0},"end":{"line":9,"column":16}},"8":{"start":{"line":14,"column":4},"end":{"line":14,"column":null}},"9":{"start":{"line":13,"column":0},"end":{"line":13,"column":16}},"10":{"start":{"line":18,"column":4},"end":{"line":18,"column":null}},"11":{"start":{"line":17,"column":0},"end":{"line":17,"column":16}},"12":{"start":{"line":22,"column":4},"end":{"line":22,"column":null}},"13":{"start":{"line":21,"column":0},"end":{"line":21,"column":16}},"14":{"start":{"line":26,"column":4},"end":{"line":26,"column":null}},"15":{"start":{"line":25,"column":0},"end":{"line":25,"column":16}},"16":{"start":{"line":30,"column":4},"end":{"line":30,"column":null}},"17":{"start":{"line":29,"column":0},"end":{"line":29,"column":16}}},"fnMap":{"0":{"name":"makeClient","decl":{"start":{"line":9,"column":16},"end":{"line":9,"column":26}},"loc":{"start":{"line":9,"column":49},"end":{"line":11,"column":1}}},"1":{"name":"makeCarListing","decl":{"start":{"line":13,"column":16},"end":{"line":13,"column":30}},"loc":{"start":{"line":13,"column":57},"end":{"line":15,"column":1}}},"2":{"name":"makeTransaction","decl":{"start":{"line":17,"column":16},"end":{"line":17,"column":31}},"loc":{"start":{"line":17,"column":59},"end":{"line":19,"column":1}}},"3":{"name":"makeAppointment","decl":{"start":{"line":21,"column":16},"end":{"line":21,"column":31}},"loc":{"start":{"line":21,"column":59},"end":{"line":23,"column":1}}},"4":{"name":"makeRenteeReview","decl":{"start":{"line":25,"column":16},"end":{"line":25,"column":32}},"loc":{"start":{"line":25,"column":61},"end":{"line":27,"column":1}}},"5":{"name":"makeListingReview","decl":{"start":{"line":29,"column":16},"end":{"line":29,"column":33}},"loc":{"start":{"line":29,"column":63},"end":{"line":31,"column":1}}}},"branchMap":{},"s":{"0":1,"1":1,"2":1,"3":1,"4":1,"5":1,"6":10,"7":1,"8":0,"9":1,"10":0,"11":1,"12":0,"13":1,"14":0,"15":1,"16":0,"17":1},"f":{"0":10,"1":0,"2":0,"3":0,"4":0,"5":0},"b":{}}
,"/mnt/c/Users/Jose Rivera/Desktop/Code/semester-project-team-3/backend/src/domain/implementations/appointment.ts": {"path":"/mnt/c/Users/Jose Rivera/Desktop/Code/semester-project-team-3/backend/src/domain/implementations/appointment.ts","statementMap":{"0":{"start":{"line":1,"column":0},"end":{"line":1,"column":110}},"1":{"start":{"line":3,"column":0},"end":{"line":3,"column":13}},"2":{"start":{"line":16,"column":16},"end":{"line":16,"column":null}},"3":{"start":{"line":17,"column":8},"end":{"line":19,"column":null}},"4":{"start":{"line":18,"column":12},"end":{"line":18,"column":null}},"5":{"start":{"line":20,"column":8},"end":{"line":20,"column":84}},"6":{"start":{"line":21,"column":8},"end":{"line":21,"column":40}},"7":{"start":{"line":22,"column":8},"end":{"line":22,"column":46}},"8":{"start":{"line":23,"column":8},"end":{"line":23,"column":70}},"9":{"start":{"line":24,"column":8},"end":{"line":24,"column":60}},"10":{"start":{"line":25,"column":8},"end":{"line":25,"column":79}},"11":{"start":{"line":26,"column":8},"end":{"line":26,"column":57}},"12":{"start":{"line":27,"column":8},"end":{"line":27,"column":60}},"13":{"start":{"line":28,"column":8},"end":{"line":28,"column":62}},"14":{"start":{"line":29,"column":8},"end":{"line":29,"column":69}},"15":{"start":{"line":33,"column":0},"end":{"line":33,"column":null}},"16":{"start":{"line":3,"column":13},"end":{"line":3,"column":24}}},"fnMap":{"0":{"name":"(anonymous_0)","decl":{"start":{"line":3,"column":0},"end":{"line":3,"column":13}},"loc":{"start":{"line":3,"column":0},"end":{"line":33,"column":null}}},"1":{"name":"Appointment","decl":{"start":{"line":16,"column":4},"end":{"line":16,"column":16}},"loc":{"start":{"line":16,"column":48},"end":{"line":31,"column":5}}}},"branchMap":{"0":{"loc":{"start":{"line":16,"column":16},"end":{"line":16,"column":null}},"type":"if","locations":[{"start":{"line":16,"column":16},"end":{"line":16,"column":null}},{"start":{"line":16,"column":16},"end":{"line":16,"column":null}}]},"1":{"loc":{"start":{"line":17,"column":8},"end":{"line":19,"column":null}},"type":"if","locations":[{"start":{"line":17,"column":8},"end":{"line":19,"column":null}},{"start":{"line":17,"column":8},"end":{"line":19,"column":null}}]},"2":{"loc":{"start":{"line":17,"column":12},"end":{"line":17,"column":22}},"type":"binary-expr","locations":[{"start":{"line":17,"column":12},"end":{"line":17,"column":22}},{"start":{"line":17,"column":26},"end":{"line":17,"column":38}},{"start":{"line":17,"column":42},"end":{"line":17,"column":63}},{"start":{"line":17,"column":67},"end":{"line":17,"column":83}},{"start":{"line":17,"column":87},"end":{"line":17,"column":108}},{"start":{"line":17,"column":112},"end":{"line":17,"column":132}}]},"3":{"loc":{"start":{"line":20,"column":56},"end":{"line":20,"column":78}},"type":"cond-expr","locations":[{"start":{"line":20,"column":56},"end":{"line":20,"column":78}},{"start":{"line":20,"column":79},"end":{"line":20,"column":83}}]},"4":{"loc":{"start":{"line":23,"column":47},"end":{"line":23,"column":64}},"type":"cond-expr","locations":[{"start":{"line":23,"column":47},"end":{"line":23,"column":64}},{"start":{"line":23,"column":65},"end":{"line":23,"column":69}}]},"5":{"loc":{"start":{"line":25,"column":35},"end":{"line":25,"column":46}},"type":"cond-expr","locations":[{"start":{"line":25,"column":35},"end":{"line":25,"column":46}},{"start":{"line":25,"column":49},"end":{"line":25,"column":78}}]},"6":{"loc":{"start":{"line":29,"column":47},"end":{"line":29,"column":64}},"type":"cond-expr","locations":[{"start":{"line":29,"column":47},"end":{"line":29,"column":64}},{"start":{"line":29,"column":66},"end":{"line":29,"column":68}}]}},"s":{"0":2,"1":2,"2":2,"3":2,"4":0,"5":2,"6":2,"7":2,"8":2,"9":2,"10":2,"11":2,"12":2,"13":2,"14":2,"15":2,"16":2},"f":{"0":2,"1":2},"b":{"0":[0,2],"1":[0,2],"2":[2,2,2,2,2,2],"3":[0,2],"4":[0,2],"5":[2,0],"6":[2,0]}}
,"/mnt/c/Users/Jose Rivera/Desktop/Code/semester-project-team-3/backend/src/domain/implementations/carlisting.ts": {"path":"/mnt/c/Users/Jose Rivera/Desktop/Code/semester-project-team-3/backend/src/domain/implementations/carlisting.ts","statementMap":{"0":{"start":{"line":1,"column":0},"end":{"line":1,"column":65}},"1":{"start":{"line":3,"column":0},"end":{"line":3,"column":13}},"2":{"start":{"line":18,"column":16},"end":{"line":18,"column":null}},"3":{"start":{"line":19,"column":8},"end":{"line":22,"column":null}},"4":{"start":{"line":21,"column":12},"end":{"line":21,"column":null}},"5":{"start":{"line":23,"column":8},"end":{"line":23,"column":42}},"6":{"start":{"line":24,"column":8},"end":{"line":24,"column":66}},"7":{"start":{"line":25,"column":8},"end":{"line":25,"column":42}},"8":{"start":{"line":26,"column":8},"end":{"line":26,"column":40}},"9":{"start":{"line":27,"column":8},"end":{"line":27,"column":62}},"10":{"start":{"line":28,"column":8},"end":{"line":28,"column":56}},"11":{"start":{"line":29,"column":8},"end":{"line":29,"column":50}},"12":{"start":{"line":30,"column":8},"end":{"line":30,"column":43}},"13":{"start":{"line":31,"column":8},"end":{"line":31,"column":64}},"14":{"start":{"line":32,"column":8},"end":{"line":32,"column":79}},"15":{"start":{"line":33,"column":8},"end":{"line":33,"column":60}},"16":{"start":{"line":34,"column":8},"end":{"line":34,"column":61}},"17":{"start":{"line":35,"column":8},"end":{"line":35,"column":54}},"18":{"start":{"line":38,"column":0},"end":{"line":38,"column":null}},"19":{"start":{"line":3,"column":13},"end":{"line":3,"column":23}}},"fnMap":{"0":{"name":"(anonymous_0)","decl":{"start":{"line":3,"column":0},"end":{"line":3,"column":13}},"loc":{"start":{"line":3,"column":0},"end":{"line":38,"column":null}}},"1":{"name":"CarListing","decl":{"start":{"line":18,"column":4},"end":{"line":18,"column":16}},"loc":{"start":{"line":18,"column":47},"end":{"line":37,"column":5}}}},"branchMap":{"0":{"loc":{"start":{"line":18,"column":16},"end":{"line":18,"column":null}},"type":"if","locations":[{"start":{"line":18,"column":16},"end":{"line":18,"column":null}},{"start":{"line":18,"column":16},"end":{"line":18,"column":null}}]},"1":{"loc":{"start":{"line":19,"column":8},"end":{"line":22,"column":null}},"type":"if","locations":[{"start":{"line":19,"column":8},"end":{"line":22,"column":null}},{"start":{"line":19,"column":8},"end":{"line":22,"column":null}}]},"2":{"loc":{"start":{"line":19,"column":11},"end":{"line":19,"column":22}},"type":"binary-expr","locations":[{"start":{"line":19,"column":11},"end":{"line":19,"column":22}},{"start":{"line":19,"column":26},"end":{"line":19,"column":37}},{"start":{"line":19,"column":41},"end":{"line":19,"column":51}},{"start":{"line":19,"column":55},"end":{"line":19,"column":76}},{"start":{"line":19,"column":80},"end":{"line":19,"column":98}},{"start":{"line":20,"column":15},"end":{"line":20,"column":30}},{"start":{"line":20,"column":34},"end":{"line":20,"column":45}},{"start":{"line":20,"column":49},"end":{"line":20,"column":69}},{"start":{"line":20,"column":73},"end":{"line":20,"column":90}}]},"3":{"loc":{"start":{"line":24,"column":43},"end":{"line":24,"column":58}},"type":"cond-expr","locations":[{"start":{"line":24,"column":43},"end":{"line":24,"column":58}},{"start":{"line":24,"column":60},"end":{"line":24,"column":65}}]},"4":{"loc":{"start":{"line":31,"column":43},"end":{"line":31,"column":58}},"type":"cond-expr","locations":[{"start":{"line":31,"column":43},"end":{"line":31,"column":58}},{"start":{"line":31,"column":59},"end":{"line":31,"column":63}}]},"5":{"loc":{"start":{"line":32,"column":52},"end":{"line":32,"column":72}},"type":"cond-expr","locations":[{"start":{"line":32,"column":52},"end":{"line":32,"column":72}},{"start":{"line":32,"column":74},"end":{"line":32,"column":78}}]},"6":{"loc":{"start":{"line":34,"column":40},"end":{"line":34,"column":54}},"type":"cond-expr","locations":[{"start":{"line":34,"column":40},"end":{"line":34,"column":54}},{"start":{"line":34,"column":56},"end":{"line":34,"column":60}}]}},"s":{"0":3,"1":3,"2":4,"3":4,"4":0,"5":4,"6":4,"7":4,"8":4,"9":4,"10":4,"11":4,"12":4,"13":4,"14":4,"15":4,"16":4,"17":4,"18":3,"19":3},"f":{"0":3,"1":4},"b":{"0":[0,4],"1":[0,4],"2":[4,4,4,4,4,4,4,4,4],"3":[0,4],"4":[0,4],"5":[3,1],"6":[3,1]}}
,"/mnt/c/Users/Jose Rivera/Desktop/Code/semester-project-team-3/backend/src/domain/implementations/client.ts": {"path":"/mnt/c/Users/Jose Rivera/Desktop/Code/semester-project-team-3/backend/src/domain/implementations/client.ts","statementMap":{"0":{"start":{"line":2,"column":0},"end":{"line":2,"column":41}},"1":{"start":{"line":4,"column":0},"end":{"line":4,"column":13}},"2":{"start":{"line":13,"column":16},"end":{"line":13,"column":null}},"3":{"start":{"line":14,"column":8},"end":{"line":16,"column":null}},"4":{"start":{"line":15,"column":12},"end":{"line":15,"column":null}},"5":{"start":{"line":18,"column":8},"end":{"line":18,"column":40}},"6":{"start":{"line":19,"column":8},"end":{"line":19,"column":42}},"7":{"start":{"line":20,"column":8},"end":{"line":20,"column":67}},"8":{"start":{"line":21,"column":8},"end":{"line":21,"column":65}},"9":{"start":{"line":22,"column":8},"end":{"line":22,"column":51}},"10":{"start":{"line":23,"column":8},"end":{"line":23,"column":76}},"11":{"start":{"line":24,"column":8},"end":{"line":24,"column":64}},"12":{"start":{"line":26,"column":0},"end":{"line":26,"column":null}},"13":{"start":{"line":4,"column":13},"end":{"line":4,"column":19}}},"fnMap":{"0":{"name":"(anonymous_0)","decl":{"start":{"line":4,"column":0},"end":{"line":4,"column":13}},"loc":{"start":{"line":4,"column":0},"end":{"line":26,"column":null}}},"1":{"name":"Client","decl":{"start":{"line":13,"column":4},"end":{"line":13,"column":16}},"loc":{"start":{"line":13,"column":43},"end":{"line":25,"column":5}}}},"branchMap":{"0":{"loc":{"start":{"line":13,"column":16},"end":{"line":13,"column":null}},"type":"if","locations":[{"start":{"line":13,"column":16},"end":{"line":13,"column":null}},{"start":{"line":13,"column":16},"end":{"line":13,"column":null}}]},"1":{"loc":{"start":{"line":14,"column":8},"end":{"line":16,"column":null}},"type":"if","locations":[{"start":{"line":14,"column":8},"end":{"line":16,"column":null}},{"start":{"line":14,"column":8},"end":{"line":16,"column":null}}]},"2":{"loc":{"start":{"line":14,"column":12},"end":{"line":14,"column":22}},"type":"binary-expr","locations":[{"start":{"line":14,"column":12},"end":{"line":14,"column":22}},{"start":{"line":14,"column":26},"end":{"line":14,"column":37}},{"start":{"line":14,"column":41},"end":{"line":14,"column":58}},{"start":{"line":14,"column":62},"end":{"line":14,"column":78}}]},"3":{"loc":{"start":{"line":20,"column":45},"end":{"line":20,"column":61}},"type":"cond-expr","locations":[{"start":{"line":20,"column":45},"end":{"line":20,"column":61}},{"start":{"line":20,"column":62},"end":{"line":20,"column":66}}]},"4":{"loc":{"start":{"line":21,"column":42},"end":{"line":21,"column":57}},"type":"cond-expr","locations":[{"start":{"line":21,"column":42},"end":{"line":21,"column":57}},{"start":{"line":21,"column":59},"end":{"line":21,"column":64}}]},"5":{"loc":{"start":{"line":22,"column":34},"end":{"line":22,"column":44}},"type":"cond-expr","locations":[{"start":{"line":22,"column":34},"end":{"line":22,"column":44}},{"start":{"line":22,"column":46},"end":{"line":22,"column":50}}]},"6":{"loc":{"start":{"line":23,"column":51},"end":{"line":23,"column":70}},"type":"cond-expr","locations":[{"start":{"line":23,"column":51},"end":{"line":23,"column":70}},{"start":{"line":23,"column":71},"end":{"line":23,"column":75}}]},"7":{"loc":{"start":{"line":24,"column":43},"end":{"line":24,"column":58}},"type":"cond-expr","locations":[{"start":{"line":24,"column":43},"end":{"line":24,"column":58}},{"start":{"line":24,"column":59},"end":{"line":24,"column":63}}]}},"s":{"0":8,"1":8,"2":28,"3":28,"4":0,"5":28,"6":28,"7":28,"8":28,"9":28,"10":28,"11":28,"12":8,"13":8},"f":{"0":8,"1":28},"b":{"0":[0,28],"1":[0,28],"2":[28,28,28,28],"3":[28,0],"4":[2,26],"5":[1,27],"6":[1,27],"7":[28,0]}}
,"/mnt/c/Users/Jose Rivera/Desktop/Code/semester-project-team-3/backend/src/domain/implementations/listingreview.ts": {"path":"/mnt/c/Users/Jose Rivera/Desktop/Code/semester-project-team-3/backend/src/domain/implementations/listingreview.ts","statementMap":{"0":{"start":{"line":1,"column":0},"end":{"line":1,"column":68}},"1":{"start":{"line":3,"column":0},"end":{"line":3,"column":13}},"2":{"start":{"line":9,"column":16},"end":{"line":9,"column":null}},"3":{"start":{"line":11,"column":8},"end":{"line":14,"column":null}},"4":{"start":{"line":12,"column":12},"end":{"line":12,"column":null}},"5":{"start":{"line":16,"column":8},"end":{"line":16,"column":44}},"6":{"start":{"line":17,"column":8},"end":{"line":17,"column":40}},"7":{"start":{"line":18,"column":8},"end":{"line":18,"column":50}},"8":{"start":{"line":19,"column":8},"end":{"line":19,"column":43}},"9":{"start":{"line":22,"column":0},"end":{"line":22,"column":null}},"10":{"start":{"line":3,"column":13},"end":{"line":3,"column":26}}},"fnMap":{"0":{"name":"(anonymous_0)","decl":{"start":{"line":3,"column":0},"end":{"line":3,"column":13}},"loc":{"start":{"line":3,"column":0},"end":{"line":22,"column":null}}},"1":{"name":"ListingReview","decl":{"start":{"line":9,"column":4},"end":{"line":9,"column":16}},"loc":{"start":{"line":9,"column":50},"end":{"line":21,"column":5}}}},"branchMap":{"0":{"loc":{"start":{"line":9,"column":16},"end":{"line":9,"column":null}},"type":"if","locations":[{"start":{"line":9,"column":16},"end":{"line":9,"column":null}},{"start":{"line":9,"column":16},"end":{"line":9,"column":null}}]},"1":{"loc":{"start":{"line":11,"column":8},"end":{"line":14,"column":null}},"type":"if","locations":[{"start":{"line":11,"column":8},"end":{"line":14,"column":null}},{"start":{"line":11,"column":8},"end":{"line":14,"column":null}}]},"2":{"loc":{"start":{"line":11,"column":11},"end":{"line":11,"column":23}},"type":"binary-expr","locations":[{"start":{"line":11,"column":11},"end":{"line":11,"column":23}},{"start":{"line":11,"column":27},"end":{"line":11,"column":38}}]},"3":{"loc":{"start":{"line":17,"column":27},"end":{"line":17,"column":34}},"type":"cond-expr","locations":[{"start":{"line":17,"column":27},"end":{"line":17,"column":34}},{"start":{"line":17,"column":35},"end":{"line":17,"column":39}}]},"4":{"loc":{"start":{"line":18,"column":35},"end":{"line":18,"column":46}},"type":"cond-expr","locations":[{"start":{"line":18,"column":35},"end":{"line":18,"column":46}},{"start":{"line":18,"column":47},"end":{"line":18,"column":49}}]}},"s":{"0":2,"1":2,"2":2,"3":2,"4":0,"5":2,"6":2,"7":2,"8":2,"9":2,"10":2},"f":{"0":2,"1":2},"b":{"0":[0,2],"1":[0,2],"2":[2,2],"3":[1,1],"4":[2,0]}}
,"/mnt/c/Users/Jose Rivera/Desktop/Code/semester-project-team-3/backend/src/domain/implementations/notification.ts": {"path":"/mnt/c/Users/Jose Rivera/Desktop/Code/semester-project-team-3/backend/src/domain/implementations/notification.ts","statementMap":{"0":{"start":{"line":1,"column":0},"end":{"line":1,"column":81}},"1":{"start":{"line":3,"column":0},"end":{"line":3,"column":13}},"2":{"start":{"line":8,"column":16},"end":{"line":8,"column":null}},"3":{"start":{"line":9,"column":8},"end":{"line":11,"column":null}},"4":{"start":{"line":10,"column":12},"end":{"line":10,"column":null}},"5":{"start":{"line":12,"column":8},"end":{"line":12,"column":45}},"6":{"start":{"line":13,"column":8},"end":{"line":13,"column":46}},"7":{"start":{"line":14,"column":8},"end":{"line":14,"column":77}},"8":{"start":{"line":16,"column":0},"end":{"line":16,"column":null}},"9":{"start":{"line":3,"column":13},"end":{"line":3,"column":25}}},"fnMap":{"0":{"name":"(anonymous_0)","decl":{"start":{"line":3,"column":0},"end":{"line":3,"column":13}},"loc":{"start":{"line":3,"column":0},"end":{"line":16,"column":null}}},"1":{"name":"Notification","decl":{"start":{"line":8,"column":4},"end":{"line":8,"column":16}},"loc":{"start":{"line":8,"column":49},"end":{"line":15,"column":5}}}},"branchMap":{"0":{"loc":{"start":{"line":8,"column":16},"end":{"line":8,"column":null}},"type":"if","locations":[{"start":{"line":8,"column":16},"end":{"line":8,"column":null}},{"start":{"line":8,"column":16},"end":{"line":8,"column":null}}]},"1":{"loc":{"start":{"line":9,"column":8},"end":{"line":11,"column":null}},"type":"if","locations":[{"start":{"line":9,"column":8},"end":{"line":11,"column":null}},{"start":{"line":9,"column":8},"end":{"line":11,"column":null}}]},"2":{"loc":{"start":{"line":9,"column":11},"end":{"line":9,"column":23}},"type":"binary-expr","locations":[{"start":{"line":9,"column":11},"end":{"line":9,"column":23}},{"start":{"line":9,"column":27},"end":{"line":9,"column":40}}]},"3":{"loc":{"start":{"line":14,"column":39},"end":{"line":14,"column":52}},"type":"cond-expr","locations":[{"start":{"line":14,"column":39},"end":{"line":14,"column":52}},{"start":{"line":14,"column":54},"end":{"line":14,"column":76}}]}},"s":{"0":1,"1":1,"2":1,"3":1,"4":0,"5":1,"6":1,"7":1,"8":1,"9":1},"f":{"0":1,"1":1},"b":{"0":[0,1],"1":[0,1],"2":[1,1],"3":[1,0]}}
,"/mnt/c/Users/Jose Rivera/Desktop/Code/semester-project-team-3/backend/src/domain/implementations/renteereview.ts": {"path":"/mnt/c/Users/Jose Rivera/Desktop/Code/semester-project-team-3/backend/src/domain/implementations/renteereview.ts","statementMap":{"0":{"start":{"line":1,"column":0},"end":{"line":1,"column":67}},"1":{"start":{"line":3,"column":0},"end":{"line":3,"column":13}},"2":{"start":{"line":9,"column":16},"end":{"line":9,"column":null}},"3":{"start":{"line":11,"column":8},"end":{"line":14,"column":null}},"4":{"start":{"line":12,"column":12},"end":{"line":12,"column":null}},"5":{"start":{"line":16,"column":8},"end":{"line":16,"column":44}},"6":{"start":{"line":17,"column":8},"end":{"line":17,"column":40}},"7":{"start":{"line":18,"column":8},"end":{"line":18,"column":50}},"8":{"start":{"line":19,"column":8},"end":{"line":19,"column":45}},"9":{"start":{"line":22,"column":0},"end":{"line":22,"column":null}},"10":{"start":{"line":3,"column":13},"end":{"line":3,"column":25}}},"fnMap":{"0":{"name":"(anonymous_0)","decl":{"start":{"line":3,"column":0},"end":{"line":3,"column":13}},"loc":{"start":{"line":3,"column":0},"end":{"line":22,"column":null}}},"1":{"name":"RenteeReview","decl":{"start":{"line":9,"column":4},"end":{"line":9,"column":16}},"loc":{"start":{"line":9,"column":49},"end":{"line":21,"column":5}}}},"branchMap":{"0":{"loc":{"start":{"line":9,"column":16},"end":{"line":9,"column":null}},"type":"if","locations":[{"start":{"line":9,"column":16},"end":{"line":9,"column":null}},{"start":{"line":9,"column":16},"end":{"line":9,"column":null}}]},"1":{"loc":{"start":{"line":11,"column":8},"end":{"line":14,"column":null}},"type":"if","locations":[{"start":{"line":11,"column":8},"end":{"line":14,"column":null}},{"start":{"line":11,"column":8},"end":{"line":14,"column":null}}]},"2":{"loc":{"start":{"line":11,"column":11},"end":{"line":11,"column":23}},"type":"binary-expr","locations":[{"start":{"line":11,"column":11},"end":{"line":11,"column":23}},{"start":{"line":11,"column":27},"end":{"line":11,"column":39}}]},"3":{"loc":{"start":{"line":17,"column":27},"end":{"line":17,"column":34}},"type":"cond-expr","locations":[{"start":{"line":17,"column":27},"end":{"line":17,"column":34}},{"start":{"line":17,"column":35},"end":{"line":17,"column":39}}]},"4":{"loc":{"start":{"line":18,"column":35},"end":{"line":18,"column":46}},"type":"cond-expr","locations":[{"start":{"line":18,"column":35},"end":{"line":18,"column":46}},{"start":{"line":18,"column":47},"end":{"line":18,"column":49}}]}},"s":{"0":2,"1":2,"2":2,"3":2,"4":0,"5":2,"6":2,"7":2,"8":2,"9":2,"10":2},"f":{"0":2,"1":2},"b":{"0":[0,2],"1":[0,2],"2":[2,2],"3":[1,1],"4":[2,0]}}
,"/mnt/c/Users/Jose Rivera/Desktop/Code/semester-project-team-3/backend/src/domain/implementations/transaction.ts": {"path":"/mnt/c/Users/Jose Rivera/Desktop/Code/semester-project-team-3/backend/src/domain/implementations/transaction.ts","statementMap":{"0":{"start":{"line":1,"column":0},"end":{"line":1,"column":117}},"1":{"start":{"line":3,"column":0},"end":{"line":3,"column":13}},"2":{"start":{"line":13,"column":16},"end":{"line":13,"column":null}},"3":{"start":{"line":14,"column":8},"end":{"line":16,"column":null}},"4":{"start":{"line":15,"column":12},"end":{"line":15,"column":null}},"5":{"start":{"line":18,"column":8},"end":{"line":18,"column":66}},"6":{"start":{"line":19,"column":8},"end":{"line":19,"column":42}},"7":{"start":{"line":20,"column":8},"end":{"line":20,"column":65}},"8":{"start":{"line":21,"column":8},"end":{"line":21,"column":38}},"9":{"start":{"line":22,"column":8},"end":{"line":22,"column":45}},"10":{"start":{"line":23,"column":8},"end":{"line":23,"column":49}},"11":{"start":{"line":24,"column":8},"end":{"line":24,"column":79}},"12":{"start":{"line":28,"column":0},"end":{"line":28,"column":null}},"13":{"start":{"line":3,"column":13},"end":{"line":3,"column":24}}},"fnMap":{"0":{"name":"(anonymous_0)","decl":{"start":{"line":3,"column":0},"end":{"line":3,"column":13}},"loc":{"start":{"line":3,"column":0},"end":{"line":28,"column":null}}},"1":{"name":"Transaction","decl":{"start":{"line":13,"column":4},"end":{"line":13,"column":16}},"loc":{"start":{"line":13,"column":48},"end":{"line":26,"column":5}}}},"branchMap":{"0":{"loc":{"start":{"line":13,"column":16},"end":{"line":13,"column":null}},"type":"if","locations":[{"start":{"line":13,"column":16},"end":{"line":13,"column":null}},{"start":{"line":13,"column":16},"end":{"line":13,"column":null}}]},"1":{"loc":{"start":{"line":14,"column":8},"end":{"line":16,"column":null}},"type":"if","locations":[{"start":{"line":14,"column":8},"end":{"line":16,"column":null}},{"start":{"line":14,"column":8},"end":{"line":16,"column":null}}]},"2":{"loc":{"start":{"line":14,"column":12},"end":{"line":14,"column":35}},"type":"binary-expr","locations":[{"start":{"line":14,"column":12},"end":{"line":14,"column":35}},{"start":{"line":14,"column":39},"end":{"line":14,"column":50}},{"start":{"line":14,"column":54},"end":{"line":14,"column":64}},{"start":{"line":14,"column":68},"end":{"line":14,"column":80}},{"start":{"line":14,"column":84},"end":{"line":14,"column":98}}]},"3":{"loc":{"start":{"line":20,"column":45},"end":{"line":20,"column":61}},"type":"cond-expr","locations":[{"start":{"line":20,"column":45},"end":{"line":20,"column":61}},{"start":{"line":20,"column":62},"end":{"line":20,"column":64}}]},"4":{"loc":{"start":{"line":24,"column":35},"end":{"line":24,"column":46}},"type":"cond-expr","locations":[{"start":{"line":24,"column":35},"end":{"line":24,"column":46}},{"start":{"line":24,"column":49},"end":{"line":24,"column":78}}]}},"s":{"0":2,"1":2,"2":2,"3":2,"4":1,"5":1,"6":1,"7":1,"8":1,"9":1,"10":1,"11":1,"12":2,"13":2},"f":{"0":2,"1":2},"b":{"0":[0,2],"1":[1,1],"2":[2,2,2,1,1],"3":[1,0],"4":[1,0]}}
,"/mnt/c/Users/Jose Rivera/Desktop/Code/semester-project-team-3/backend/src/persistence/inmemory-dbconfig.ts": {"path":"/mnt/c/Users/Jose Rivera/Desktop/Code/semester-project-team-3/backend/src/persistence/inmemory-dbconfig.ts","statementMap":{"0":{"start":{"line":1,"column":0},"end":{"line":1,"column":31}},"1":{"start":{"line":2,"column":0},"end":{"line":2,"column":58}},"2":{"start":{"line":4,"column":15},"end":{"line":4,"column":38}},"3":{"start":{"line":9,"column":23},"end":{"line":20,"column":null}},"4":{"start":{"line":10,"column":16},"end":{"line":10,"column":null}},"5":{"start":{"line":10,"column":10},"end":{"line":10,"column":null}},"6":{"start":{"line":12,"column":10},"end":{"line":17,"column":6}},"7":{"start":{"line":19,"column":4},"end":{"line":19,"column":46}},"8":{"start":{"line":9,"column":13},"end":{"line":9,"column":23}},"9":{"start":{"line":25,"column":29},"end":{"line":29,"column":null}},"10":{"start":{"line":26,"column":4},"end":{"line":26,"column":45}},"11":{"start":{"line":27,"column":4},"end":{"line":27,"column":38}},"12":{"start":{"line":28,"column":4},"end":{"line":28,"column":24}},"13":{"start":{"line":25,"column":13},"end":{"line":25,"column":29}},"14":{"start":{"line":34,"column":29},"end":{"line":41,"column":null}},"15":{"start":{"line":35,"column":10},"end":{"line":35,"column":56}},"16":{"start":{"line":38,"column":14},"end":{"line":38,"column":44}},"17":{"start":{"line":39,"column":8},"end":{"line":39,"column":40}},"18":{"start":{"line":34,"column":13},"end":{"line":34,"column":29}}},"fnMap":{"0":{"name":"(anonymous_14)","decl":{"start":{"line":9,"column":23},"end":{"line":9,"column":null}},"loc":{"start":{"line":9,"column":23},"end":{"line":20,"column":null}}},"1":{"name":"(anonymous_17)","decl":{"start":{"line":25,"column":29},"end":{"line":25,"column":null}},"loc":{"start":{"line":25,"column":29},"end":{"line":29,"column":null}}},"2":{"name":"(anonymous_20)","decl":{"start":{"line":34,"column":29},"end":{"line":34,"column":null}},"loc":{"start":{"line":34,"column":29},"end":{"line":41,"column":null}}}},"branchMap":{"0":{"loc":{"start":{"line":10,"column":16},"end":{"line":10,"column":null}},"type":"switch","locations":[{"start":{"line":10,"column":16},"end":{"line":10,"column":null}}]},"1":{"loc":{"start":{"line":26,"column":4},"end":{"line":26,"column":45}},"type":"switch","locations":[{"start":{"line":26,"column":4},"end":{"line":26,"column":45}}]}},"s":{"0":4,"1":4,"2":4,"3":8,"4":4,"5":4,"6":4,"7":8,"8":4,"9":8,"10":8,"11":8,"12":8,"13":4,"14":12,"15":8,"16":12,"17":24,"18":4},"f":{"0":8,"1":8,"2":16},"b":{"0":[4],"1":[4]}}
,"/mnt/c/Users/Jose Rivera/Desktop/Code/semester-project-team-3/backend/src/persistence/models/appointmentmodel.ts": {"path":"/mnt/c/Users/Jose Rivera/Desktop/Code/semester-project-team-3/backend/src/persistence/models/appointmentmodel.ts","statementMap":{"0":{"start":{"line":2,"column":0},"end":{"line":2,"column":65}},"1":{"start":{"line":3,"column":0},"end":{"line":3,"column":53}},"2":{"start":{"line":4,"column":0},"end":{"line":4,"column":79}},"3":{"start":{"line":28,"column":26},"end":{"line":41,"column":2}},"4":{"start":{"line":43,"column":26},"end":{"line":79,"column":2}},"5":{"start":{"line":81,"column":13},"end":{"line":81,"column":null}},"6":{"start":{"line":82,"column":13},"end":{"line":82,"column":null}}},"fnMap":{},"branchMap":{},"s":{"0":1,"1":1,"2":1,"3":1,"4":1,"5":1,"6":1},"f":{},"b":{}}
,"/mnt/c/Users/Jose Rivera/Desktop/Code/semester-project-team-3/backend/src/persistence/models/carlistingmodel.ts": {"path":"/mnt/c/Users/Jose Rivera/Desktop/Code/semester-project-team-3/backend/src/persistence/models/carlistingmodel.ts","statementMap":{"0":{"start":{"line":2,"column":0},"end":{"line":2,"column":53}},"1":{"start":{"line":3,"column":0},"end":{"line":3,"column":66}},"2":{"start":{"line":25,"column":25},"end":{"line":41,"column":2}},"3":{"start":{"line":43,"column":13},"end":{"line":43,"column":null}},"4":{"start":{"line":44,"column":13},"end":{"line":44,"column":null}}},"fnMap":{},"branchMap":{},"s":{"0":2,"1":2,"2":2,"3":2,"4":2},"f":{},"b":{}}
,"/mnt/c/Users/Jose Rivera/Desktop/Code/semester-project-team-3/backend/src/persistence/models/clientmodel.ts": {"path":"/mnt/c/Users/Jose Rivera/Desktop/Code/semester-project-team-3/backend/src/persistence/models/clientmodel.ts","statementMap":{"0":{"start":{"line":2,"column":0},"end":{"line":2,"column":53}},"1":{"start":{"line":9,"column":29},"end":{"line":27,"column":2}},"2":{"start":{"line":29,"column":13},"end":{"line":29,"column":null}},"3":{"start":{"line":30,"column":13},"end":{"line":30,"column":null}}},"fnMap":{},"branchMap":{},"s":{"0":4,"1":4,"2":4,"3":4},"f":{},"b":{}}
,"/mnt/c/Users/Jose Rivera/Desktop/Code/semester-project-team-3/backend/src/persistence/models/tests/helper.ts": {"path":"/mnt/c/Users/Jose Rivera/Desktop/Code/semester-project-team-3/backend/src/persistence/models/tests/helper.ts","statementMap":{"0":{"start":{"line":2,"column":0},"end":{"line":2,"column":71}},"1":{"start":{"line":5,"column":4},"end":{"line":16,"column":null}},"2":{"start":{"line":4,"column":0},"end":{"line":4,"column":16}}},"fnMap":{"0":{"name":"makeValidCarListingModelSample","decl":{"start":{"line":4,"column":16},"end":{"line":4,"column":46}},"loc":{"start":{"line":4,"column":63},"end":{"line":17,"column":1}}}},"branchMap":{},"s":{"0":2,"1":3,"2":2},"f":{"0":3},"b":{}}
,"/mnt/c/Users/Jose Rivera/Desktop/Code/semester-project-team-3/backend/src/persistence/repository-implementations/client-repository.ts": {"path":"/mnt/c/Users/Jose Rivera/Desktop/Code/semester-project-team-3/backend/src/persistence/repository-implementations/client-repository.ts","statementMap":{"0":{"start":{"line":1,"column":0},"end":{"line":1,"column":52}},"1":{"start":{"line":4,"column":0},"end":{"line":4,"column":63}},"2":{"start":{"line":6,"column":0},"end":{"line":6,"column":null}},"3":{"start":{"line":8,"column":10},"end":{"line":19,"column":null}},"4":{"start":{"line":10,"column":23},"end":{"line":11,"column":null}},"5":{"start":{"line":10,"column":14},"end":{"line":11,"column":null}},"6":{"start":{"line":13,"column":8},"end":{"line":15,"column":null}},"7":{"start":{"line":14,"column":12},"end":{"line":14,"column":null}},"8":{"start":{"line":17,"column":8},"end":{"line":17,"column":null}},"9":{"start":{"line":21,"column":10},"end":{"line":41,"column":null}},"10":{"start":{"line":23,"column":14},"end":{"line":31,"column":null}},"11":{"start":{"line":34,"column":12},"end":{"line":34,"column":null}},"12":{"start":{"line":36,"column":12},"end":{"line":36,"column":null}},"13":{"start":{"line":39,"column":8},"end":{"line":39,"column":null}},"14":{"start":{"line":43,"column":10},"end":{"line":93,"column":null}},"15":{"start":{"line":44,"column":26},"end":{"line":44,"column":null}},"16":{"start":{"line":44,"column":14},"end":{"line":44,"column":null}},"17":{"start":{"line":46,"column":8},"end":{"line":48,"column":null}},"18":{"start":{"line":47,"column":12},"end":{"line":47,"column":null}},"19":{"start":{"line":50,"column":8},"end":{"line":52,"column":null}},"20":{"start":{"line":51,"column":12},"end":{"line":51,"column":null}},"21":{"start":{"line":54,"column":8},"end":{"line":56,"column":null}},"22":{"start":{"line":55,"column":12},"end":{"line":55,"column":null}},"23":{"start":{"line":58,"column":8},"end":{"line":60,"column":null}},"24":{"start":{"line":59,"column":12},"end":{"line":59,"column":null}},"25":{"start":{"line":62,"column":8},"end":{"line":64,"column":null}},"26":{"start":{"line":63,"column":12},"end":{"line":63,"column":null}},"27":{"start":{"line":66,"column":8},"end":{"line":68,"column":null}},"28":{"start":{"line":67,"column":12},"end":{"line":67,"column":null}},"29":{"start":{"line":70,"column":24},"end":{"line":77,"column":null}},"30":{"start":{"line":70,"column":14},"end":{"line":77,"column":null}},"31":{"start":{"line":79,"column":8},"end":{"line":81,"column":null}},"32":{"start":{"line":80,"column":12},"end":{"line":80,"column":null}},"33":{"start":{"line":83,"column":8},"end":{"line":91,"column":null}},"34":{"start":{"line":94,"column":0},"end":{"line":94,"column":null}}},"fnMap":{"0":{"name":"(anonymous_13)","decl":{"start":{"line":6,"column":0},"end":{"line":6,"column":null}},"loc":{"start":{"line":6,"column":0},"end":{"line":94,"column":null}}},"1":{"name":"(anonymous_15)","decl":{"start":{"line":8,"column":4},"end":{"line":8,"column":10}},"loc":{"start":{"line":8,"column":35},"end":{"line":19,"column":null}}},"2":{"name":"(anonymous_18)","decl":{"start":{"line":21,"column":4},"end":{"line":21,"column":10}},"loc":{"start":{"line":21,"column":38},"end":{"line":41,"column":null}}},"3":{"name":"(anonymous_21)","decl":{"start":{"line":43,"column":4},"end":{"line":43,"column":10}},"loc":{"start":{"line":43,"column":62},"end":{"line":93,"column":null}}}},"branchMap":{"0":{"loc":{"start":{"line":10,"column":23},"end":{"line":11,"column":null}},"type":"switch","locations":[{"start":{"line":10,"column":23},"end":{"line":11,"column":null}}]},"1":{"loc":{"start":{"line":13,"column":8},"end":{"line":15,"column":null}},"type":"if","locations":[{"start":{"line":13,"column":8},"end":{"line":15,"column":null}},{"start":{"line":13,"column":8},"end":{"line":15,"column":null}}]},"2":{"loc":{"start":{"line":39,"column":8},"end":{"line":39,"column":null}},"type":"switch","locations":[{"start":{"line":39,"column":8},"end":{"line":39,"column":null}}]},"3":{"loc":{"start":{"line":44,"column":26},"end":{"line":44,"column":null}},"type":"switch","locations":[{"start":{"line":44,"column":26},"end":{"line":44,"column":null}}]},"4":{"loc":{"start":{"line":46,"column":8},"end":{"line":48,"column":null}},"type":"if","locations":[{"start":{"line":46,"column":8},"end":{"line":48,"column":null}},{"start":{"line":46,"column":8},"end":{"line":48,"column":null}}]},"5":{"loc":{"start":{"line":50,"column":8},"end":{"line":52,"column":null}},"type":"if","locations":[{"start":{"line":50,"column":8},"end":{"line":52,"column":null}},{"start":{"line":50,"column":8},"end":{"line":52,"column":null}}]},"6":{"loc":{"start":{"line":50,"column":12},"end":{"line":50,"column":23}},"type":"binary-expr","locations":[{"start":{"line":50,"column":12},"end":{"line":50,"column":23}},{"start":{"line":50,"column":27},"end":{"line":50,"column":57}}]},"7":{"loc":{"start":{"line":54,"column":8},"end":{"line":56,"column":null}},"type":"if","locations":[{"start":{"line":54,"column":8},"end":{"line":56,"column":null}},{"start":{"line":54,"column":8},"end":{"line":56,"column":null}}]},"8":{"loc":{"start":{"line":54,"column":12},"end":{"line":54,"column":24}},"type":"binary-expr","locations":[{"start":{"line":54,"column":12},"end":{"line":54,"column":24}},{"start":{"line":54,"column":28},"end":{"line":54,"column":60}}]},"9":{"loc":{"start":{"line":58,"column":8},"end":{"line":60,"column":null}},"type":"if","locations":[{"start":{"line":58,"column":8},"end":{"line":60,"column":null}},{"start":{"line":58,"column":8},"end":{"line":60,"column":null}}]},"10":{"loc":{"start":{"line":58,"column":12},"end":{"line":58,"column":33}},"type":"binary-expr","locations":[{"start":{"line":58,"column":12},"end":{"line":58,"column":33}},{"start":{"line":58,"column":37},"end":{"line":58,"column":87}}]},"11":{"loc":{"start":{"line":62,"column":8},"end":{"line":64,"column":null}},"type":"if","locations":[{"start":{"line":62,"column":8},"end":{"line":64,"column":null}},{"start":{"line":62,"column":8},"end":{"line":64,"column":null}}]},"12":{"loc":{"start":{"line":62,"column":12},"end":{"line":62,"column":30}},"type":"binary-expr","locations":[{"start":{"line":62,"column":12},"end":{"line":62,"column":30}},{"start":{"line":62,"column":34},"end":{"line":62,"column":78}}]},"13":{"loc":{"start":{"line":66,"column":8},"end":{"line":68,"column":null}},"type":"if","locations":[{"start":{"line":66,"column":8},"end":{"line":68,"column":null}},{"start":{"line":66,"column":8},"end":{"line":68,"column":null}}]},"14":{"loc":{"start":{"line":66,"column":12},"end":{"line":66,"column":29}},"type":"binary-expr","locations":[{"start":{"line":66,"column":12},"end":{"line":66,"column":29}},{"start":{"line":66,"column":33},"end":{"line":66,"column":75}}]},"15":{"loc":{"start":{"line":79,"column":8},"end":{"line":81,"column":null}},"type":"if","locations":[{"start":{"line":79,"column":8},"end":{"line":81,"column":null}},{"start":{"line":79,"column":8},"end":{"line":81,"column":null}}]}},"s":{"0":1,"1":1,"2":1,"3":1,"4":7,"5":7,"6":7,"7":1,"8":6,"9":1,"10":1,"11":2,"12":0,"13":1,"14":1,"15":2,"16":2,"17":2,"18":0,"19":2,"20":0,"21":2,"22":0,"23":2,"24":0,"25":2,"26":1,"27":2,"28":1,"29":2,"30":2,"31":2,"32":0,"33":2,"34":1},"f":{"0":2,"1":7,"2":1,"3":2},"b":{"0":[7],"1":[1,6],"2":[1],"3":[2],"4":[0,2],"5":[0,2],"6":[2,0],"7":[0,2],"8":[2,0],"9":[0,2],"10":[2,0],"11":[1,1],"12":[2,1],"13":[1,1],"14":[2,1],"15":[0,2]}}
}
