TN:
SF:src/domain/declarations.ts
FN:80,(anonymous_0)
FN:86,(anonymous_1)
FN:92,(anonymous_2)
FN:101,(anonymous_3)
FN:107,(anonymous_4)
FNF:5
FNH:5
FNDA:8,(anonymous_0)
FNDA:8,(anonymous_1)
FNDA:8,(anonymous_2)
FNDA:8,(anonymous_3)
FNDA:8,(anonymous_4)
DA:80,8
DA:81,8
DA:82,8
DA:83,8
DA:86,8
DA:87,8
DA:88,8
DA:89,8
DA:92,8
DA:93,8
DA:94,8
DA:95,8
DA:96,8
DA:97,8
DA:98,8
DA:101,8
DA:102,8
DA:103,8
DA:104,8
DA:107,8
DA:108,8
LF:21
LH:21
BRDA:80,0,0,8
BRDA:80,0,1,8
BRDA:86,1,0,8
BRDA:86,1,1,8
BRDA:92,2,0,8
BRDA:92,2,1,8
BRDA:101,3,0,8
BRDA:101,3,1,8
BRDA:107,4,0,8
BRDA:107,4,1,8
BRF:10
BRH:10
end_of_record
TN:
SF:src/domain/factories.ts
FN:9,makeClient
FN:13,makeCarListing
FN:17,makeTransaction
FN:21,makeAppointment
FN:25,makeRenteeReview
FN:29,makeListingReview
FNF:6
FNH:1
FNDA:10,makeClient
FNDA:0,makeCarListing
FNDA:0,makeTransaction
FNDA:0,makeAppointment
FNDA:0,makeRenteeReview
FNDA:0,makeListingReview
DA:2,1
DA:3,1
DA:4,1
DA:5,1
DA:6,1
DA:7,1
DA:9,1
DA:10,10
DA:13,1
DA:14,0
DA:17,1
DA:18,0
DA:21,1
DA:22,0
DA:25,1
DA:26,0
DA:29,1
DA:30,0
LF:18
LH:13
BRF:0
BRH:0
end_of_record
TN:
SF:src/domain/implementations/appointment.ts
FN:3,(anonymous_0)
FN:16,Appointment
FNF:2
FNH:2
FNDA:2,(anonymous_0)
FNDA:2,Appointment
DA:1,2
DA:3,2
DA:16,2
DA:17,2
DA:18,0
DA:20,2
DA:21,2
DA:22,2
DA:23,2
DA:24,2
DA:25,2
DA:26,2
DA:27,2
DA:28,2
DA:29,2
DA:33,2
LF:16
LH:15
BRDA:16,0,0,0
BRDA:16,0,1,2
BRDA:17,1,0,0
BRDA:17,1,1,2
BRDA:17,2,0,2
BRDA:17,2,1,2
BRDA:17,2,2,2
BRDA:17,2,3,2
BRDA:17,2,4,2
BRDA:17,2,5,2
BRDA:20,3,0,0
BRDA:20,3,1,2
BRDA:23,4,0,0
BRDA:23,4,1,2
BRDA:25,5,0,2
BRDA:25,5,1,0
BRDA:29,6,0,2
BRDA:29,6,1,0
BRF:18
BRH:12
end_of_record
TN:
SF:src/domain/implementations/carlisting.ts
FN:3,(anonymous_0)
FN:18,CarListing
FNF:2
FNH:2
FNDA:3,(anonymous_0)
FNDA:4,CarListing
DA:1,3
DA:3,3
DA:18,4
DA:19,4
DA:21,0
DA:23,4
DA:24,4
DA:25,4
DA:26,4
DA:27,4
DA:28,4
DA:29,4
DA:30,4
DA:31,4
DA:32,4
DA:33,4
DA:34,4
DA:35,4
DA:38,3
LF:19
LH:18
BRDA:18,0,0,0
BRDA:18,0,1,4
BRDA:19,1,0,0
BRDA:19,1,1,4
BRDA:19,2,0,4
BRDA:19,2,1,4
BRDA:19,2,2,4
BRDA:19,2,3,4
BRDA:19,2,4,4
BRDA:19,2,5,4
BRDA:19,2,6,4
BRDA:19,2,7,4
BRDA:19,2,8,4
BRDA:24,3,0,0
BRDA:24,3,1,4
BRDA:31,4,0,0
BRDA:31,4,1,4
BRDA:32,5,0,3
BRDA:32,5,1,1
BRDA:34,6,0,3
BRDA:34,6,1,1
BRF:21
BRH:17
end_of_record
TN:
SF:src/domain/implementations/client.ts
FN:4,(anonymous_0)
FN:13,Client
FNF:2
FNH:2
FNDA:8,(anonymous_0)
FNDA:28,Client
DA:2,8
DA:4,8
DA:13,28
DA:14,28
DA:15,0
DA:18,28
DA:19,28
DA:20,28
DA:21,28
DA:22,28
DA:23,28
DA:24,28
DA:26,8
LF:13
LH:12
BRDA:13,0,0,0
BRDA:13,0,1,28
BRDA:14,1,0,0
BRDA:14,1,1,28
BRDA:14,2,0,28
BRDA:14,2,1,28
BRDA:14,2,2,28
BRDA:14,2,3,28
BRDA:20,3,0,28
BRDA:20,3,1,0
BRDA:21,4,0,2
BRDA:21,4,1,26
BRDA:22,5,0,1
BRDA:22,5,1,27
BRDA:23,6,0,1
BRDA:23,6,1,27
BRDA:24,7,0,28
BRDA:24,7,1,0
BRF:18
BRH:14
end_of_record
TN:
SF:src/domain/implementations/listingreview.ts
FN:3,(anonymous_0)
FN:9,ListingReview
FNF:2
FNH:2
FNDA:2,(anonymous_0)
FNDA:2,ListingReview
DA:1,2
DA:3,2
DA:9,2
DA:11,2
DA:12,0
DA:16,2
DA:17,2
DA:18,2
DA:19,2
DA:22,2
LF:10
LH:9
BRDA:9,0,0,0
BRDA:9,0,1,2
BRDA:11,1,0,0
BRDA:11,1,1,2
BRDA:11,2,0,2
BRDA:11,2,1,2
BRDA:17,3,0,1
BRDA:17,3,1,1
BRDA:18,4,0,2
BRDA:18,4,1,0
BRF:10
BRH:7
end_of_record
TN:
SF:src/domain/implementations/notification.ts
FN:3,(anonymous_0)
FN:8,Notification
FNF:2
FNH:2
FNDA:1,(anonymous_0)
FNDA:1,Notification
DA:1,1
DA:3,1
DA:8,1
DA:9,1
DA:10,0
DA:12,1
DA:13,1
DA:14,1
DA:16,1
LF:9
LH:8
BRDA:8,0,0,0
BRDA:8,0,1,1
BRDA:9,1,0,0
BRDA:9,1,1,1
BRDA:9,2,0,1
BRDA:9,2,1,1
BRDA:14,3,0,1
BRDA:14,3,1,0
BRF:8
BRH:5
end_of_record
TN:
SF:src/domain/implementations/renteereview.ts
FN:3,(anonymous_0)
FN:9,RenteeReview
FNF:2
FNH:2
FNDA:2,(anonymous_0)
FNDA:2,RenteeReview
DA:1,2
DA:3,2
DA:9,2
DA:11,2
DA:12,0
DA:16,2
DA:17,2
DA:18,2
DA:19,2
DA:22,2
LF:10
LH:9
BRDA:9,0,0,0
BRDA:9,0,1,2
BRDA:11,1,0,0
BRDA:11,1,1,2
BRDA:11,2,0,2
BRDA:11,2,1,2
BRDA:17,3,0,1
BRDA:17,3,1,1
BRDA:18,4,0,2
BRDA:18,4,1,0
BRF:10
BRH:7
end_of_record
TN:
SF:src/domain/implementations/transaction.ts
FN:3,(anonymous_0)
FN:13,Transaction
FNF:2
FNH:2
FNDA:2,(anonymous_0)
FNDA:2,Transaction
DA:1,2
DA:3,2
DA:13,2
DA:14,2
DA:15,1
DA:18,1
DA:19,1
DA:20,1
DA:21,1
DA:22,1
DA:23,1
DA:24,1
DA:28,2
LF:13
LH:13
BRDA:13,0,0,0
BRDA:13,0,1,2
BRDA:14,1,0,1
BRDA:14,1,1,1
BRDA:14,2,0,2
BRDA:14,2,1,2
BRDA:14,2,2,2
BRDA:14,2,3,1
BRDA:14,2,4,1
BRDA:20,3,0,1
BRDA:20,3,1,0
BRDA:24,4,0,1
BRDA:24,4,1,0
BRF:13
BRH:10
end_of_record
TN:
SF:src/persistence/inmemory-dbconfig.ts
FN:9,(anonymous_14)
FN:25,(anonymous_17)
FN:34,(anonymous_20)
FNF:3
FNH:3
FNDA:8,(anonymous_14)
FNDA:8,(anonymous_17)
FNDA:16,(anonymous_20)
DA:1,4
DA:2,4
DA:4,4
DA:9,8
DA:10,4
DA:12,4
DA:19,8
DA:25,8
DA:26,8
DA:27,8
DA:28,8
DA:34,12
DA:35,8
DA:38,12
DA:39,24
LF:15
LH:15
BRDA:10,0,0,4
BRDA:26,1,0,4
BRF:2
BRH:2
end_of_record
TN:
SF:src/persistence/models/appointmentmodel.ts
FNF:0
FNH:0
DA:2,1
DA:3,1
DA:4,1
DA:28,1
DA:43,1
DA:81,1
DA:82,1
LF:7
LH:7
BRF:0
BRH:0
end_of_record
TN:
SF:src/persistence/models/carlistingmodel.ts
FNF:0
FNH:0
DA:2,2
DA:3,2
DA:25,2
DA:43,2
DA:44,2
LF:5
LH:5
BRF:0
BRH:0
end_of_record
TN:
SF:src/persistence/models/clientmodel.ts
FNF:0
FNH:0
DA:2,4
DA:9,4
DA:29,4
DA:30,4
LF:4
LH:4
BRF:0
BRH:0
end_of_record
TN:
SF:src/persistence/models/tests/helper.ts
FN:4,makeValidCarListingModelSample
FNF:1
FNH:1
FNDA:3,makeValidCarListingModelSample
DA:2,2
DA:4,2
DA:5,3
LF:3
LH:3
BRF:0
BRH:0
end_of_record
TN:
SF:src/persistence/repository-implementations/client-repository.ts
FN:6,(anonymous_13)
FN:8,(anonymous_15)
FN:21,(anonymous_18)
FN:43,(anonymous_21)
FNF:4
FNH:4
FNDA:2,(anonymous_13)
FNDA:7,(anonymous_15)
FNDA:1,(anonymous_18)
FNDA:2,(anonymous_21)
DA:1,1
DA:4,1
DA:6,1
DA:8,1
DA:10,7
DA:13,7
DA:14,1
DA:17,6
DA:21,1
DA:23,1
DA:34,2
DA:36,0
DA:39,1
DA:43,1
DA:44,2
DA:46,2
DA:47,0
DA:50,2
DA:51,0
DA:54,2
DA:55,0
DA:58,2
DA:59,0
DA:62,2
DA:63,1
DA:66,2
DA:67,1
DA:70,2
DA:79,2
DA:80,0
DA:83,2
DA:94,1
LF:32
LH:26
BRDA:10,0,0,7
BRDA:13,1,0,1
BRDA:13,1,1,6
BRDA:39,2,0,1
BRDA:44,3,0,2
BRDA:46,4,0,0
BRDA:46,4,1,2
BRDA:50,5,0,0
BRDA:50,5,1,2
BRDA:50,6,0,2
BRDA:50,6,1,0
BRDA:54,7,0,0
BRDA:54,7,1,2
BRDA:54,8,0,2
BRDA:54,8,1,0
BRDA:58,9,0,0
BRDA:58,9,1,2
BRDA:58,10,0,2
BRDA:58,10,1,0
BRDA:62,11,0,1
BRDA:62,11,1,1
BRDA:62,12,0,2
BRDA:62,12,1,1
BRDA:66,13,0,1
BRDA:66,13,1,1
BRDA:66,14,0,2
BRDA:66,14,1,1
BRDA:79,15,0,0
BRDA:79,15,1,2
BRF:29
BRH:21
end_of_record
